2025-07-01 06:42:33.945 -04:00 [INF] No state file found, using default state
2025-07-01 06:42:34.033 -04:00 [INF] Initializing resource managers for localization
2025-07-01 06:42:34.178 -04:00 [INF] Open Book dialog initialized with 0 books
2025-07-01 06:42:39.601 -04:00 [INF] Opening book: s0101m.mul.xml
2025-07-01 06:43:23.450 -04:00 [INF] No state file found, using default state
2025-07-01 06:43:23.542 -04:00 [INF] Initializing resource managers for localization
2025-07-01 06:43:23.689 -04:00 [INF] Open Book dialog initialized with 0 books
2025-07-01 06:43:29.854 -04:00 [INF] Opening book: s0101m.mul.xml
2025-07-01 06:45:30.473 -04:00 [INF] No state file found, using default state
2025-07-01 06:45:30.568 -04:00 [INF] Initializing resource managers for localization
2025-07-01 06:45:30.716 -04:00 [INF] Open Book dialog initialized with 0 books
2025-07-01 06:45:35.635 -04:00 [INF] Opening book: s0101m.mul.xml
2025-07-01 06:51:31.982 -04:00 [INF] No state file found, using default state
2025-07-01 06:51:32.081 -04:00 [INF] Initializing resource managers for localization
2025-07-01 06:51:32.230 -04:00 [INF] Open Book dialog initialized with 0 books
2025-07-01 06:51:41.055 -04:00 [INF] Opening book: s0101m.mul.xml
2025-07-01 08:57:14.597 -04:00 [INF] No state file found, using default state
2025-07-01 08:57:14.694 -04:00 [INF] Initializing resource managers for localization
2025-07-01 08:57:14.832 -04:00 [INF] Open Book dialog initialized with 0 books
2025-07-01 08:57:20.230 -04:00 [INF] Opening book: s0101m.mul.xml
2025-07-01 09:06:41.930 -04:00 [INF] No state file found, using default state
2025-07-01 09:06:42.036 -04:00 [INF] Initializing resource managers for localization
2025-07-01 09:06:42.182 -04:00 [INF] Open Book dialog initialized with 0 books
2025-07-01 10:07:19.892 -04:00 [INF] No state file found, using default state
2025-07-01 10:07:19.980 -04:00 [INF] Initializing resource managers for localization
2025-07-01 10:07:20.124 -04:00 [INF] Open Book dialog initialized with 0 books
2025-07-01 10:07:46.855 -04:00 [INF] Opening book: s0101m.mul.xml
2025-07-01 10:12:26.650 -04:00 [INF] No state file found, using default state
2025-07-01 10:12:26.751 -04:00 [INF] Initializing resource managers for localization
2025-07-01 10:12:26.904 -04:00 [INF] Open Book dialog initialized with 0 books
2025-07-01 10:14:08.404 -04:00 [INF] No state file found, using default state
2025-07-01 10:14:08.509 -04:00 [INF] Initializing resource managers for localization
2025-07-01 10:14:08.651 -04:00 [INF] Open Book dialog initialized with 0 books
2025-07-01 10:14:14.708 -04:00 [INF] Opening book: s0101m.mul.xml
2025-07-01 10:14:18.789 -04:00 [INF] Opening book: s0102m.mul.xml
2025-07-01 10:30:42.928 -04:00 [INF] No state file found, using default state
2025-07-01 10:30:43.038 -04:00 [INF] Initializing resource managers for localization
2025-07-01 10:30:43.189 -04:00 [INF] Open Book dialog initialized with 0 books
2025-07-01 11:12:30.742 -04:00 [INF] No state file found, using default state
2025-07-01 11:12:30.852 -04:00 [INF] Initializing resource managers for localization
2025-07-01 11:12:31.011 -04:00 [INF] Open Book dialog initialized with 0 books
2025-07-01 11:12:50.277 -04:00 [INF] Opening book: s0101m.mul.xml
2025-07-01 13:13:42.380 -04:00 [INF] No state file found, using default state
2025-07-01 13:13:42.491 -04:00 [INF] Initializing resource managers for localization
2025-07-01 13:13:42.645 -04:00 [INF] Open Book dialog initialized with 0 books
2025-07-01 13:17:32.688 -04:00 [INF] No state file found, using default state
2025-07-01 13:17:32.800 -04:00 [INF] Initializing resource managers for localization
2025-07-01 13:17:32.954 -04:00 [INF] Open Book dialog initialized with 0 books
2025-07-01 13:18:08.977 -04:00 [INF] Opening book: s0101m.mul.xml
2025-07-01 13:18:17.291 -04:00 [INF] Opening book: s0102m.mul.xml
2025-07-01 13:21:36.607 -04:00 [INF] No state file found, using default state
2025-07-01 13:21:36.718 -04:00 [INF] Initializing resource managers for localization
2025-07-01 13:21:36.870 -04:00 [INF] Open Book dialog initialized with 0 books
2025-07-01 13:23:36.083 -04:00 [INF] No state file found, using default state
2025-07-01 13:23:36.184 -04:00 [INF] Initializing resource managers for localization
2025-07-01 13:23:36.339 -04:00 [INF] Open Book dialog initialized with 0 books
2025-07-01 13:27:16.784 -04:00 [INF] No state file found, using default state
2025-07-01 13:27:16.903 -04:00 [INF] Initializing resource managers for localization
2025-07-01 13:27:16.918 -04:00 [INF] Script changed from "Devanagari" to "Latin"
2025-07-01 13:27:16.919 -04:00 [INF] Script changed to "Latin", updating tree display
2025-07-01 13:27:17.072 -04:00 [INF] Open Book dialog initialized with 0 books
2025-07-01 14:04:12.139 -04:00 [INF] No state file found, using default state
2025-07-01 14:04:12.260 -04:00 [INF] Initializing resource managers for localization
2025-07-01 14:04:12.273 -04:00 [INF] Script changed from "Devanagari" to "Latin"
2025-07-01 14:04:12.274 -04:00 [INF] Script changed to "Latin", updating tree display
2025-07-01 14:04:12.421 -04:00 [INF] Open Book dialog initialized with 0 books
2025-07-01 14:04:17.884 -04:00 [INF] Opening book: s0101m.mul.xml
2025-07-01 14:04:19.934 -04:00 [INF] Opening book: s0102m.mul.xml
2025-07-01 14:04:25.084 -04:00 [INF] Script changed from "Latin" to "Devanagari"
2025-07-01 14:04:25.084 -04:00 [INF] Script changed to "Devanagari", updating tree display
2025-07-01 14:04:27.663 -04:00 [INF] Script changed from "Devanagari" to "Cyrillic"
2025-07-01 14:04:27.664 -04:00 [INF] Script changed to "Cyrillic", updating tree display
2025-07-01 14:04:30.550 -04:00 [INF] Script changed from "Cyrillic" to "Bengali"
2025-07-01 14:04:30.550 -04:00 [INF] Script changed to "Bengali", updating tree display
2025-07-01 14:04:33.716 -04:00 [INF] Script changed from "Bengali" to "Khmer"
2025-07-01 14:04:33.716 -04:00 [INF] Script changed to "Khmer", updating tree display
2025-07-01 14:04:38.413 -04:00 [INF] Script changed from "Khmer" to "Malayalam"
2025-07-01 14:04:38.414 -04:00 [INF] Script changed to "Malayalam", updating tree display
2025-07-01 14:04:43.180 -04:00 [INF] Script changed from "Malayalam" to "Devanagari"
2025-07-01 14:04:43.180 -04:00 [INF] Script changed to "Devanagari", updating tree display
2025-07-01 14:04:46.963 -04:00 [INF] Script changed from "Devanagari" to "Latin"
2025-07-01 14:04:46.963 -04:00 [INF] Script changed to "Latin", updating tree display
2025-07-01 14:04:56.599 -04:00 [INF] Script changed from "Latin" to "Sinhala"
2025-07-01 14:04:56.600 -04:00 [INF] Script changed to "Sinhala", updating tree display
2025-07-01 14:05:00.864 -04:00 [INF] Script changed from "Sinhala" to "Telugu"
2025-07-01 14:05:00.864 -04:00 [INF] Script changed to "Telugu", updating tree display
2025-07-01 14:05:03.285 -04:00 [INF] Script changed from "Telugu" to "Thai"
2025-07-01 14:05:03.285 -04:00 [INF] Script changed to "Thai", updating tree display
2025-07-01 14:06:27.691 -04:00 [INF] No state file found, using default state
2025-07-01 14:06:27.798 -04:00 [INF] Initializing resource managers for localization
2025-07-01 14:06:27.812 -04:00 [INF] Script changed from "Devanagari" to "Latin"
2025-07-01 14:06:27.813 -04:00 [INF] Script changed to "Latin", updating tree display
2025-07-01 14:06:27.953 -04:00 [INF] Open Book dialog initialized with 0 books
2025-07-01 14:06:34.035 -04:00 [INF] Opening book: s0101m.mul.xml
2025-07-01 14:09:30.966 -04:00 [INF] No state file found, using default state
2025-07-01 14:09:31.079 -04:00 [INF] Initializing resource managers for localization
2025-07-01 14:09:31.094 -04:00 [INF] Script changed from "Devanagari" to "Latin"
2025-07-01 14:09:31.095 -04:00 [INF] Script changed to "Latin", updating tree display
2025-07-01 14:09:31.238 -04:00 [INF] Open Book dialog initialized with 0 books
2025-07-01 14:10:39.365 -04:00 [INF] Opening book: s0101m.mul.xml
2025-07-01 14:11:00.899 -04:00 [INF] Opening book: s0101a.att.xml
2025-07-01 14:11:16.644 -04:00 [INF] Opening book: s0101t.tik.xml
2025-07-01 14:23:29.042 -04:00 [INF] No state file found, using default state
2025-07-01 14:23:29.139 -04:00 [INF] Initializing resource managers for localization
2025-07-01 14:23:29.153 -04:00 [INF] Script changed from "Devanagari" to "Latin"
2025-07-01 14:23:29.154 -04:00 [INF] Script changed to "Latin", updating tree display
2025-07-01 14:23:29.292 -04:00 [INF] Open Book dialog initialized with 0 books
2025-07-01 14:23:36.696 -04:00 [INF] Opening book: s0301m.mul.xml
2025-07-01 14:26:16.268 -04:00 [INF] No state file found, using default state
2025-07-01 14:26:16.388 -04:00 [INF] Initializing resource managers for localization
2025-07-01 14:26:16.403 -04:00 [INF] Script changed from "Devanagari" to "Latin"
2025-07-01 14:26:16.404 -04:00 [INF] Script changed to "Latin", updating tree display
2025-07-01 14:26:16.550 -04:00 [INF] Open Book dialog initialized with 0 books
2025-07-01 14:26:22.077 -04:00 [INF] Opening book: s0101m.mul.xml
2025-07-01 14:26:56.413 -04:00 [INF] No state file found, using default state
2025-07-01 14:26:56.534 -04:00 [INF] Initializing resource managers for localization
2025-07-01 14:26:56.549 -04:00 [INF] Script changed from "Devanagari" to "Latin"
2025-07-01 14:26:56.549 -04:00 [INF] Script changed to "Latin", updating tree display
2025-07-01 14:26:56.683 -04:00 [INF] Open Book dialog initialized with 0 books
2025-07-01 14:27:04.093 -04:00 [INF] Opening book: s0101m.mul.xml
2025-07-01 14:27:58.492 -04:00 [INF] No state file found, using default state
2025-07-01 14:27:58.609 -04:00 [INF] Initializing resource managers for localization
2025-07-01 14:27:58.623 -04:00 [INF] Script changed from "Devanagari" to "Latin"
2025-07-01 14:27:58.624 -04:00 [INF] Script changed to "Latin", updating tree display
2025-07-01 14:27:58.766 -04:00 [INF] Open Book dialog initialized with 0 books
2025-07-01 14:28:03.276 -04:00 [INF] Opening book: s0101m.mul.xml
2025-07-01 14:31:24.072 -04:00 [INF] No state file found, using default state
2025-07-01 14:31:24.189 -04:00 [INF] Initializing resource managers for localization
2025-07-01 14:31:24.203 -04:00 [INF] Script changed from "Devanagari" to "Latin"
2025-07-01 14:31:24.204 -04:00 [INF] Script changed to "Latin", updating tree display
2025-07-01 14:31:24.344 -04:00 [INF] Open Book dialog initialized with 0 books
2025-07-01 14:31:28.624 -04:00 [INF] Opening book: s0101m.mul.xml
2025-07-01 14:32:15.957 -04:00 [INF] No state file found, using default state
2025-07-01 14:32:16.072 -04:00 [INF] Initializing resource managers for localization
2025-07-01 14:32:16.086 -04:00 [INF] Script changed from "Devanagari" to "Latin"
2025-07-01 14:32:16.087 -04:00 [INF] Script changed to "Latin", updating tree display
2025-07-01 14:32:16.239 -04:00 [INF] Open Book dialog initialized with 0 books
2025-07-01 14:32:23.273 -04:00 [INF] Opening book: s0101m.mul.xml
2025-07-01 14:34:32.727 -04:00 [INF] No state file found, using default state
2025-07-01 14:34:32.851 -04:00 [INF] Initializing resource managers for localization
2025-07-01 14:34:32.865 -04:00 [INF] Script changed from "Devanagari" to "Latin"
2025-07-01 14:34:32.865 -04:00 [INF] Script changed to "Latin", updating tree display
2025-07-01 14:34:33.010 -04:00 [INF] Open Book dialog initialized with 0 books
2025-07-01 14:34:37.620 -04:00 [INF] Opening book: s0101m.mul.xml
2025-07-01 14:49:31.687 -04:00 [INF] No state file found, using default state
2025-07-01 14:49:31.816 -04:00 [INF] Initializing resource managers for localization
2025-07-01 14:49:31.831 -04:00 [INF] Script changed from "Devanagari" to "Latin"
2025-07-01 14:49:31.832 -04:00 [INF] Script changed to "Latin", updating tree display
2025-07-01 14:49:31.996 -04:00 [INF] Open Book dialog initialized with 0 books
2025-07-01 14:49:38.518 -04:00 [INF] Opening book: s0101m.mul.xml
2025-07-01 14:58:10.236 -04:00 [INF] No state file found, using default state
2025-07-01 14:58:10.347 -04:00 [INF] Initializing resource managers for localization
2025-07-01 14:58:10.360 -04:00 [INF] Script changed from "Devanagari" to "Latin"
2025-07-01 14:58:10.361 -04:00 [INF] Script changed to "Latin", updating tree display
2025-07-01 14:58:10.502 -04:00 [INF] Open Book dialog initialized with 0 books
2025-07-01 14:58:15.454 -04:00 [INF] Opening book: s0101m.mul.xml
2025-07-01 15:05:23.082 -04:00 [INF] No state file found, using default state
2025-07-01 15:05:23.197 -04:00 [INF] Initializing resource managers for localization
2025-07-01 15:05:23.210 -04:00 [INF] Script changed from "Devanagari" to "Latin"
2025-07-01 15:05:23.211 -04:00 [INF] Script changed to "Latin", updating tree display
2025-07-01 15:05:23.355 -04:00 [INF] Open Book dialog initialized with 0 books
2025-07-01 15:05:29.237 -04:00 [INF] Opening book: s0101m.mul.xml
2025-07-01 15:08:41.015 -04:00 [INF] No state file found, using default state
2025-07-01 15:08:41.127 -04:00 [INF] Initializing resource managers for localization
2025-07-01 15:08:41.141 -04:00 [INF] Script changed from "Devanagari" to "Latin"
2025-07-01 15:08:41.142 -04:00 [INF] Script changed to "Latin", updating tree display
2025-07-01 15:08:41.288 -04:00 [INF] Open Book dialog initialized with 0 books
2025-07-01 15:09:14.362 -04:00 [INF] Opening book: s0101m.mul.xml
2025-07-01 15:12:34.721 -04:00 [INF] No state file found, using default state
2025-07-01 15:12:34.832 -04:00 [INF] Initializing resource managers for localization
2025-07-01 15:12:34.846 -04:00 [INF] Script changed from "Devanagari" to "Latin"
2025-07-01 15:12:34.846 -04:00 [INF] Script changed to "Latin", updating tree display
2025-07-01 15:12:35.018 -04:00 [INF] Open Book dialog initialized with 0 books
2025-07-01 15:19:36.208 -04:00 [INF] No state file found, using default state
2025-07-01 15:19:36.317 -04:00 [INF] Initializing resource managers for localization
2025-07-01 15:19:36.331 -04:00 [INF] Script changed from "Devanagari" to "Latin"
2025-07-01 15:19:36.331 -04:00 [INF] Script changed to "Latin", updating tree display
2025-07-01 15:19:36.475 -04:00 [INF] Open Book dialog initialized with 0 books
2025-07-01 15:19:45.971 -04:00 [INF] Opening book: s0101m.mul.xml
2025-07-01 15:24:05.232 -04:00 [INF] No state file found, using default state
2025-07-01 15:24:05.350 -04:00 [INF] Initializing resource managers for localization
2025-07-01 15:24:05.364 -04:00 [INF] Script changed from "Devanagari" to "Latin"
2025-07-01 15:24:05.365 -04:00 [INF] Script changed to "Latin", updating tree display
2025-07-01 15:24:05.512 -04:00 [INF] Open Book dialog initialized with 0 books
2025-07-01 15:24:21.570 -04:00 [INF] Opening book: s0101m.mul.xml
2025-07-01 15:25:22.840 -04:00 [INF] No state file found, using default state
2025-07-01 15:25:22.961 -04:00 [INF] Initializing resource managers for localization
2025-07-01 15:25:22.974 -04:00 [INF] Script changed from "Devanagari" to "Latin"
2025-07-01 15:25:22.975 -04:00 [INF] Script changed to "Latin", updating tree display
2025-07-01 15:25:23.118 -04:00 [INF] Open Book dialog initialized with 0 books
2025-07-01 15:25:36.151 -04:00 [INF] Opening book: s0101m.mul.xml
2025-07-01 15:28:20.635 -04:00 [INF] No state file found, using default state
2025-07-01 15:28:20.752 -04:00 [INF] Initializing resource managers for localization
2025-07-01 15:28:20.766 -04:00 [INF] Script changed from "Devanagari" to "Latin"
2025-07-01 15:28:20.767 -04:00 [INF] Script changed to "Latin", updating tree display
2025-07-01 15:28:20.959 -04:00 [INF] Open Book dialog initialized with 0 books
2025-07-01 15:28:27.200 -04:00 [INF] Opening book: s0101m.mul.xml
2025-07-01 15:32:51.924 -04:00 [INF] No state file found, using default state
2025-07-01 15:32:52.043 -04:00 [INF] Initializing resource managers for localization
2025-07-01 15:32:52.057 -04:00 [INF] Script changed from "Devanagari" to "Latin"
2025-07-01 15:32:52.057 -04:00 [INF] Script changed to "Latin", updating tree display
2025-07-01 15:32:52.205 -04:00 [INF] Open Book dialog initialized with 0 books
2025-07-01 15:32:58.114 -04:00 [INF] Opening book: s0101m.mul.xml
2025-07-01 15:41:30.056 -04:00 [INF] No state file found, using default state
2025-07-01 15:41:30.165 -04:00 [INF] Initializing resource managers for localization
2025-07-01 15:41:30.180 -04:00 [INF] Script changed from "Devanagari" to "Latin"
2025-07-01 15:41:30.180 -04:00 [INF] Script changed to "Latin", updating tree display
2025-07-01 15:41:30.320 -04:00 [INF] Open Book dialog initialized with 0 books
2025-07-01 15:41:34.797 -04:00 [INF] Opening book: s0101m.mul.xml
2025-07-01 15:42:54.639 -04:00 [INF] No state file found, using default state
2025-07-01 15:42:54.761 -04:00 [INF] Initializing resource managers for localization
2025-07-01 15:42:54.776 -04:00 [INF] Script changed from "Devanagari" to "Latin"
2025-07-01 15:42:54.776 -04:00 [INF] Script changed to "Latin", updating tree display
2025-07-01 15:42:54.921 -04:00 [INF] Open Book dialog initialized with 0 books
2025-07-01 15:43:02.142 -04:00 [INF] Opening book: s0101m.mul.xml
2025-07-01 17:30:42.722 -04:00 [INF] No state file found, using default state
2025-07-01 17:30:42.848 -04:00 [INF] Initializing resource managers for localization
2025-07-01 17:30:42.863 -04:00 [INF] Script changed from "Devanagari" to "Latin"
2025-07-01 17:30:42.863 -04:00 [INF] Script changed to "Latin", updating tree display
2025-07-01 17:30:43.018 -04:00 [INF] Open Book dialog initialized with 0 books
2025-07-01 17:30:50.006 -04:00 [INF] Opening book: s0101m.mul.xml
2025-07-01 18:38:43.612 -04:00 [INF] No state file found, using default state
2025-07-01 18:38:43.728 -04:00 [INF] Initializing resource managers for localization
2025-07-01 18:38:43.742 -04:00 [INF] Script changed from "Devanagari" to "Latin"
2025-07-01 18:38:43.743 -04:00 [INF] Script changed to "Latin", updating tree display
2025-07-01 18:38:43.881 -04:00 [INF] Open Book dialog initialized with 0 books
2025-07-01 18:40:27.850 -04:00 [INF] No state file found, using default state
2025-07-01 18:40:27.953 -04:00 [INF] Initializing resource managers for localization
2025-07-01 18:40:27.966 -04:00 [INF] Script changed from "Devanagari" to "Latin"
2025-07-01 18:40:27.967 -04:00 [INF] Script changed to "Latin", updating tree display
2025-07-01 18:40:28.107 -04:00 [INF] Open Book dialog initialized with 0 books
2025-07-01 18:40:41.660 -04:00 [INF] Opening book: s0101m.mul.xml
2025-07-01 18:41:16.504 -04:00 [INF] No state file found, using default state
2025-07-01 18:41:16.618 -04:00 [INF] Initializing resource managers for localization
2025-07-01 18:41:16.630 -04:00 [INF] Script changed from "Devanagari" to "Latin"
2025-07-01 18:41:16.631 -04:00 [INF] Script changed to "Latin", updating tree display
2025-07-01 18:41:16.770 -04:00 [INF] Open Book dialog initialized with 0 books
2025-07-01 18:45:37.415 -04:00 [INF] No state file found, using default state
2025-07-01 18:45:37.525 -04:00 [INF] Initializing resource managers for localization
2025-07-01 18:45:37.537 -04:00 [INF] Script changed from "Devanagari" to "Latin"
2025-07-01 18:45:37.538 -04:00 [INF] Script changed to "Latin", updating tree display
2025-07-01 18:45:37.682 -04:00 [INF] Open Book dialog initialized with 0 books
2025-07-01 18:45:43.128 -04:00 [INF] Opening book: s0101m.mul.xml
2025-07-01 18:50:12.829 -04:00 [INF] No state file found, using default state
2025-07-01 18:50:12.939 -04:00 [INF] Initializing resource managers for localization
2025-07-01 18:50:12.952 -04:00 [INF] Script changed from "Devanagari" to "Latin"
2025-07-01 18:50:12.952 -04:00 [INF] Script changed to "Latin", updating tree display
2025-07-01 18:50:13.092 -04:00 [INF] Open Book dialog initialized with 0 books
2025-07-01 18:50:19.283 -04:00 [INF] Opening book: s0101m.mul.xml
2025-07-01 18:52:42.734 -04:00 [INF] No state file found, using default state
2025-07-01 18:52:42.841 -04:00 [INF] Initializing resource managers for localization
2025-07-01 18:52:42.853 -04:00 [INF] Script changed from "Devanagari" to "Latin"
2025-07-01 18:52:42.854 -04:00 [INF] Script changed to "Latin", updating tree display
2025-07-01 18:52:42.997 -04:00 [INF] Open Book dialog initialized with 0 books
2025-07-01 18:52:49.596 -04:00 [INF] Opening book: s0101t.tik.xml
2025-07-01 18:54:17.856 -04:00 [INF] No state file found, using default state
2025-07-01 18:54:17.976 -04:00 [INF] Initializing resource managers for localization
2025-07-01 18:54:17.988 -04:00 [INF] Script changed from "Devanagari" to "Latin"
2025-07-01 18:54:17.989 -04:00 [INF] Script changed to "Latin", updating tree display
2025-07-01 18:54:18.139 -04:00 [INF] Open Book dialog initialized with 0 books
2025-07-01 18:54:23.247 -04:00 [INF] Opening book: e0101n.mul.xml
2025-07-01 18:55:08.388 -04:00 [INF] No state file found, using default state
2025-07-01 18:55:08.506 -04:00 [INF] Initializing resource managers for localization
2025-07-01 18:55:08.517 -04:00 [INF] Script changed from "Devanagari" to "Latin"
2025-07-01 18:55:08.518 -04:00 [INF] Script changed to "Latin", updating tree display
2025-07-01 18:55:08.671 -04:00 [INF] Open Book dialog initialized with 0 books
2025-07-01 18:55:14.367 -04:00 [INF] Opening book: s0102t.tik.xml
