2025-07-04 09:34:44.602 -04:00 [INF] Initializing resource managers for localization
2025-07-04 09:34:44.625 -04:00 [INF] Script changed from "Devanagari" to "Latin"
2025-07-04 09:34:44.626 -04:00 [INF] Script changed to "Latin", updating tree display
2025-07-04 09:34:44.808 -04:00 [INF] Application state loaded successfully from /Users/fsnow/Library/Application Support/CST.Avalonia/application-state.json
2025-07-04 09:34:44.809 -04:00 [INF] Open Book dialog initialized with 0 books
2025-07-04 09:55:06.473 -04:00 [INF] Initializing resource managers for localization
2025-07-04 09:55:06.496 -04:00 [INF] Script changed from "Devanagari" to "Latin"
2025-07-04 09:55:06.497 -04:00 [INF] Script changed to "Latin", updating tree display
2025-07-04 09:55:06.682 -04:00 [INF] Application state loaded successfully from /Users/fsnow/Library/Application Support/CST.Avalonia/application-state.json
2025-07-04 09:55:06.683 -04:00 [INF] Open Book dialog initialized with 0 books
2025-07-04 09:55:12.589 -04:00 [INF] Opening book: s0101m.mul.xml
2025-07-04 09:55:12.593 -04:00 [INF] No chapter lists file found, starting with empty data
2025-07-04 09:57:46.817 -04:00 [INF] Initializing resource managers for localization
2025-07-04 09:57:46.840 -04:00 [INF] Script changed from "Devanagari" to "Latin"
2025-07-04 09:57:46.841 -04:00 [INF] Script changed to "Latin", updating tree display
2025-07-04 09:57:46.996 -04:00 [INF] Application state loaded successfully from /Users/fsnow/Library/Application Support/CST.Avalonia/application-state.json
2025-07-04 09:57:46.996 -04:00 [INF] Open Book dialog initialized with 0 books
2025-07-04 09:57:52.640 -04:00 [INF] Opening book: s0101m.mul.xml
2025-07-04 09:57:52.644 -04:00 [INF] No chapter lists file found, starting with empty data
2025-07-04 10:00:57.477 -04:00 [INF] Initializing resource managers for localization
2025-07-04 10:00:57.502 -04:00 [INF] Script changed from "Devanagari" to "Latin"
2025-07-04 10:00:57.503 -04:00 [INF] Script changed to "Latin", updating tree display
2025-07-04 10:00:57.669 -04:00 [INF] Application state loaded successfully from /Users/fsnow/Library/Application Support/CST.Avalonia/application-state.json
2025-07-04 10:00:57.670 -04:00 [INF] Open Book dialog initialized with 0 books
2025-07-04 10:01:01.179 -04:00 [INF] Opening book: s0101m.mul.xml
2025-07-04 10:01:01.183 -04:00 [INF] No chapter lists file found, starting with empty data
2025-07-04 10:01:26.240 -04:00 [INF] Initializing resource managers for localization
2025-07-04 10:01:26.263 -04:00 [INF] Script changed from "Devanagari" to "Latin"
2025-07-04 10:01:26.264 -04:00 [INF] Script changed to "Latin", updating tree display
2025-07-04 10:01:26.422 -04:00 [INF] Application state loaded successfully from /Users/fsnow/Library/Application Support/CST.Avalonia/application-state.json
2025-07-04 10:01:26.423 -04:00 [INF] Open Book dialog initialized with 0 books
2025-07-04 10:01:31.448 -04:00 [INF] Opening book: s0101m.mul.xml
2025-07-04 10:01:31.452 -04:00 [INF] No chapter lists file found, starting with empty data
2025-07-04 10:01:31.645 -04:00 [INF] Book 0 (s0101m.mul.xml): ChapterListTypes = 'book,sutta'
2025-07-04 10:01:31.645 -04:00 [INF] Book has ChapterListTypes but no generated chapters. Generating now...
2025-07-04 10:01:31.645 -04:00 [INF] Generating chapter lists for 1 changed books
2025-07-04 10:01:31.659 -04:00 [INF] Generated 14 chapters for book s0101m.mul.xml
2025-07-04 10:01:31.663 -04:00 [INF] Saved chapter lists to /Users/fsnow/Library/Application Support/CST/chapter_lists.json
2025-07-04 10:02:20.178 -04:00 [INF] Initializing resource managers for localization
2025-07-04 10:02:20.202 -04:00 [INF] Script changed from "Devanagari" to "Latin"
2025-07-04 10:02:20.203 -04:00 [INF] Script changed to "Latin", updating tree display
2025-07-04 10:02:20.377 -04:00 [INF] Application state loaded successfully from /Users/fsnow/Library/Application Support/CST.Avalonia/application-state.json
2025-07-04 10:02:20.378 -04:00 [INF] Open Book dialog initialized with 0 books
2025-07-04 10:02:26.114 -04:00 [INF] Opening book: s0101m.mul.xml
2025-07-04 10:02:26.128 -04:00 [INF] Loaded chapter lists for 1 books
2025-07-04 10:02:26.323 -04:00 [INF] Book 0 (s0101m.mul.xml): ChapterListTypes = 'book,sutta'
2025-07-04 10:03:07.010 -04:00 [INF] Initializing resource managers for localization
2025-07-04 10:03:07.033 -04:00 [INF] Script changed from "Devanagari" to "Latin"
2025-07-04 10:03:07.034 -04:00 [INF] Script changed to "Latin", updating tree display
2025-07-04 10:03:07.189 -04:00 [INF] Application state loaded successfully from /Users/fsnow/Library/Application Support/CST.Avalonia/application-state.json
2025-07-04 10:03:07.190 -04:00 [INF] Open Book dialog initialized with 0 books
2025-07-04 10:03:11.865 -04:00 [INF] Opening book: s0101m.mul.xml
2025-07-04 10:03:11.877 -04:00 [INF] Loaded chapter lists for 1 books
2025-07-04 10:03:11.991 -04:00 [INF] Book 0 (s0101m.mul.xml): ChapterListTypes = 'book,sutta'
2025-07-04 10:06:04.645 -04:00 [INF] Initializing resource managers for localization
2025-07-04 10:06:04.670 -04:00 [INF] Script changed from "Devanagari" to "Latin"
2025-07-04 10:06:04.670 -04:00 [INF] Script changed to "Latin", updating tree display
2025-07-04 10:06:04.841 -04:00 [INF] Application state loaded successfully from /Users/fsnow/Library/Application Support/CST.Avalonia/application-state.json
2025-07-04 10:06:04.842 -04:00 [INF] Open Book dialog initialized with 0 books
2025-07-04 10:06:09.499 -04:00 [INF] Opening book: s0101m.mul.xml
2025-07-04 10:06:09.512 -04:00 [INF] Loaded chapter lists for 1 books
2025-07-04 10:06:09.708 -04:00 [INF] Book 0 (s0101m.mul.xml): ChapterListTypes = 'book,sutta'
2025-07-04 10:09:47.693 -04:00 [INF] Initializing resource managers for localization
2025-07-04 10:09:47.717 -04:00 [INF] Script changed from "Devanagari" to "Latin"
2025-07-04 10:09:47.718 -04:00 [INF] Script changed to "Latin", updating tree display
2025-07-04 10:09:47.883 -04:00 [INF] Application state loaded successfully from /Users/fsnow/Library/Application Support/CST.Avalonia/application-state.json
2025-07-04 10:09:47.883 -04:00 [INF] Open Book dialog initialized with 0 books
2025-07-04 10:09:53.832 -04:00 [INF] Opening book: s0101m.mul.xml
2025-07-04 10:09:53.845 -04:00 [INF] Loaded chapter lists for 1 books
2025-07-04 10:09:54.047 -04:00 [INF] Book 0 (s0101m.mul.xml): ChapterListTypes = 'book,sutta'
2025-07-04 10:11:25.124 -04:00 [INF] Initializing resource managers for localization
2025-07-04 10:11:25.147 -04:00 [INF] Script changed from "Devanagari" to "Latin"
2025-07-04 10:11:25.148 -04:00 [INF] Script changed to "Latin", updating tree display
2025-07-04 10:11:25.312 -04:00 [INF] Application state loaded successfully from /Users/fsnow/Library/Application Support/CST.Avalonia/application-state.json
2025-07-04 10:11:25.313 -04:00 [INF] Open Book dialog initialized with 0 books
2025-07-04 10:11:30.584 -04:00 [INF] Opening book: s0101m.mul.xml
2025-07-04 10:11:30.597 -04:00 [INF] Loaded chapter lists for 1 books
2025-07-04 10:11:30.793 -04:00 [INF] Book 0 (s0101m.mul.xml): ChapterListTypes = 'book,sutta'
2025-07-04 10:12:32.229 -04:00 [INF] Initializing resource managers for localization
2025-07-04 10:12:32.253 -04:00 [INF] Script changed from "Devanagari" to "Latin"
2025-07-04 10:12:32.253 -04:00 [INF] Script changed to "Latin", updating tree display
2025-07-04 10:12:32.422 -04:00 [INF] Application state loaded successfully from /Users/fsnow/Library/Application Support/CST.Avalonia/application-state.json
2025-07-04 10:12:32.422 -04:00 [INF] Open Book dialog initialized with 0 books
2025-07-04 10:12:37.732 -04:00 [INF] Opening book: s0101m.mul.xml
2025-07-04 10:12:37.745 -04:00 [INF] Loaded chapter lists for 1 books
2025-07-04 10:12:37.849 -04:00 [INF] Book 0 (s0101m.mul.xml): ChapterListTypes = 'book,sutta'
2025-07-04 10:15:37.714 -04:00 [INF] Initializing resource managers for localization
2025-07-04 10:15:37.738 -04:00 [INF] Script changed from "Devanagari" to "Latin"
2025-07-04 10:15:37.738 -04:00 [INF] Script changed to "Latin", updating tree display
2025-07-04 10:15:37.904 -04:00 [INF] Application state loaded successfully from /Users/fsnow/Library/Application Support/CST.Avalonia/application-state.json
2025-07-04 10:15:37.904 -04:00 [INF] Open Book dialog initialized with 0 books
2025-07-04 10:15:42.582 -04:00 [INF] Opening book: s0101m.mul.xml
2025-07-04 10:15:42.587 -04:00 [INF] Loaded chapter lists for 1 books
2025-07-04 10:15:42.770 -04:00 [INF] Book 0 (s0101m.mul.xml): ChapterListTypes = 'book,sutta'
2025-07-04 10:16:37.756 -04:00 [INF] Initializing resource managers for localization
2025-07-04 10:16:37.779 -04:00 [INF] Script changed from "Devanagari" to "Latin"
2025-07-04 10:16:37.780 -04:00 [INF] Script changed to "Latin", updating tree display
2025-07-04 10:16:37.939 -04:00 [INF] Application state loaded successfully from /Users/fsnow/Library/Application Support/CST.Avalonia/application-state.json
2025-07-04 10:16:37.939 -04:00 [INF] Open Book dialog initialized with 0 books
2025-07-04 10:16:43.300 -04:00 [INF] Opening book: s0101m.mul.xml
2025-07-04 10:16:43.313 -04:00 [INF] Loaded chapter lists for 1 books
2025-07-04 10:16:43.422 -04:00 [INF] Book 0 (s0101m.mul.xml): ChapterListTypes = 'book,sutta'
2025-07-04 10:18:47.842 -04:00 [INF] Initializing resource managers for localization
2025-07-04 10:18:47.866 -04:00 [INF] Script changed from "Devanagari" to "Latin"
2025-07-04 10:18:47.867 -04:00 [INF] Script changed to "Latin", updating tree display
2025-07-04 10:18:48.020 -04:00 [INF] Application state loaded successfully from /Users/fsnow/Library/Application Support/CST.Avalonia/application-state.json
2025-07-04 10:18:48.021 -04:00 [INF] Open Book dialog initialized with 0 books
2025-07-04 10:18:52.485 -04:00 [INF] Opening book: s0101m.mul.xml
2025-07-04 10:18:52.499 -04:00 [INF] Loaded chapter lists for 1 books
2025-07-04 10:18:52.704 -04:00 [INF] Book 0 (s0101m.mul.xml): ChapterListTypes = 'book,sutta'
2025-07-04 11:20:28.786 -04:00 [INF] Initializing resource managers for localization
2025-07-04 11:20:28.810 -04:00 [INF] Script changed from "Devanagari" to "Latin"
2025-07-04 11:20:28.811 -04:00 [INF] Script changed to "Latin", updating tree display
2025-07-04 11:20:28.969 -04:00 [INF] Application state loaded successfully from /Users/fsnow/Library/Application Support/CST.Avalonia/application-state.json
2025-07-04 11:20:28.970 -04:00 [INF] Open Book dialog initialized with 0 books
2025-07-04 11:20:33.896 -04:00 [INF] Opening book: s0101m.mul.xml
2025-07-04 11:20:33.911 -04:00 [INF] Loaded chapter lists for 1 books
2025-07-04 11:20:34.105 -04:00 [INF] Book 0 (s0101m.mul.xml): ChapterListTypes = 'book,sutta'
2025-07-04 11:31:35.074 -04:00 [INF] Initializing resource managers for localization
2025-07-04 11:31:35.098 -04:00 [INF] Script changed from "Devanagari" to "Latin"
2025-07-04 11:31:35.099 -04:00 [INF] Script changed to "Latin", updating tree display
2025-07-04 11:31:35.268 -04:00 [INF] Application state loaded successfully from /Users/fsnow/Library/Application Support/CST.Avalonia/application-state.json
2025-07-04 11:31:35.268 -04:00 [INF] Open Book dialog initialized with 0 books
2025-07-04 11:31:41.032 -04:00 [INF] Opening book: s0101m.mul.xml
2025-07-04 11:31:41.047 -04:00 [INF] Loaded chapter lists for 1 books
2025-07-04 11:31:41.255 -04:00 [INF] Book 0 (s0101m.mul.xml): ChapterListTypes = 'book,sutta'
2025-07-04 11:32:19.677 -04:00 [INF] Initializing resource managers for localization
2025-07-04 11:32:19.700 -04:00 [INF] Script changed from "Devanagari" to "Latin"
2025-07-04 11:32:19.701 -04:00 [INF] Script changed to "Latin", updating tree display
2025-07-04 11:32:19.852 -04:00 [INF] Application state loaded successfully from /Users/fsnow/Library/Application Support/CST.Avalonia/application-state.json
2025-07-04 11:32:19.853 -04:00 [INF] Open Book dialog initialized with 0 books
2025-07-04 11:32:24.681 -04:00 [INF] Opening book: s0101m.mul.xml
2025-07-04 11:32:24.695 -04:00 [INF] Loaded chapter lists for 1 books
2025-07-04 11:32:24.894 -04:00 [INF] Book 0 (s0101m.mul.xml): ChapterListTypes = 'book,sutta'
2025-07-04 11:35:11.826 -04:00 [INF] Initializing resource managers for localization
2025-07-04 11:35:11.851 -04:00 [INF] Script changed from "Devanagari" to "Latin"
2025-07-04 11:35:11.852 -04:00 [INF] Script changed to "Latin", updating tree display
2025-07-04 11:35:12.032 -04:00 [INF] Application state loaded successfully from /Users/fsnow/Library/Application Support/CST.Avalonia/application-state.json
2025-07-04 11:35:12.032 -04:00 [INF] Open Book dialog initialized with 0 books
2025-07-04 11:35:16.954 -04:00 [INF] Opening book: s0101m.mul.xml
2025-07-04 11:35:16.963 -04:00 [INF] Loaded chapter lists for 1 books
2025-07-04 11:35:17.140 -04:00 [INF] Book 0 (s0101m.mul.xml): ChapterListTypes = 'book,sutta'
2025-07-04 11:37:55.322 -04:00 [INF] Initializing resource managers for localization
2025-07-04 11:37:55.348 -04:00 [INF] Script changed from "Devanagari" to "Latin"
2025-07-04 11:37:55.348 -04:00 [INF] Script changed to "Latin", updating tree display
2025-07-04 11:37:55.508 -04:00 [INF] Application state loaded successfully from /Users/fsnow/Library/Application Support/CST.Avalonia/application-state.json
2025-07-04 11:37:55.509 -04:00 [INF] Open Book dialog initialized with 0 books
2025-07-04 11:39:59.594 -04:00 [INF] Initializing resource managers for localization
2025-07-04 11:39:59.618 -04:00 [INF] Script changed from "Devanagari" to "Latin"
2025-07-04 11:39:59.619 -04:00 [INF] Script changed to "Latin", updating tree display
2025-07-04 11:39:59.764 -04:00 [INF] Application state loaded successfully from /Users/fsnow/Library/Application Support/CST.Avalonia/application-state.json
2025-07-04 11:39:59.765 -04:00 [INF] Open Book dialog initialized with 0 books
2025-07-04 12:04:44.638 -04:00 [INF] Initializing resource managers for localization
2025-07-04 12:04:44.662 -04:00 [INF] Script changed from "Devanagari" to "Latin"
2025-07-04 12:04:44.663 -04:00 [INF] Script changed to "Latin", updating tree display
2025-07-04 12:04:44.835 -04:00 [INF] Application state loaded successfully from /Users/fsnow/Library/Application Support/CST.Avalonia/application-state.json
2025-07-04 12:04:44.836 -04:00 [INF] Open Book dialog initialized with 0 books
2025-07-04 12:04:50.855 -04:00 [INF] Opening book: s0101m.mul.xml
2025-07-04 12:04:50.864 -04:00 [INF] Loaded chapter lists for 1 books
2025-07-04 12:04:51.046 -04:00 [INF] Book 0 (s0101m.mul.xml): ChapterListTypes = 'book,sutta'
2025-07-04 12:11:11.350 -04:00 [INF] Initializing resource managers for localization
2025-07-04 12:11:11.375 -04:00 [INF] Script changed from "Devanagari" to "Latin"
2025-07-04 12:11:11.376 -04:00 [INF] Script changed to "Latin", updating tree display
2025-07-04 12:12:25.960 -04:00 [INF] Initializing resource managers for localization
2025-07-04 12:12:25.976 -04:00 [INF] Script changed from "Devanagari" to "Latin"
2025-07-04 12:12:25.977 -04:00 [INF] Script changed to "Latin", updating tree display
2025-07-04 13:30:42.524 -04:00 [INF] Initializing resource managers for localization
2025-07-04 13:30:42.540 -04:00 [INF] Script changed from "Devanagari" to "Latin"
2025-07-04 13:30:42.540 -04:00 [INF] Script changed to "Latin", updating tree display
