2025-06-29 16:15:23.433 -04:00 [INF] Initializing resource managers for localization
2025-06-29 16:15:23.486 -04:00 [INF] Initializing application...
2025-06-29 16:15:23.486 -04:00 [INF] Loading books collection...
2025-06-29 16:15:23.489 -04:00 [INF] Loaded 3 books
2025-06-29 16:15:23.489 -04:00 [INF] Application initialized successfully
2025-06-29 16:15:31.564 -04:00 [INF] OpenBook command executed
2025-06-29 16:17:09.487 -04:00 [INF] Initializing resource managers for localization
2025-06-29 16:17:09.543 -04:00 [INF] Initializing application...
2025-06-29 16:17:09.543 -04:00 [INF] Loading books collection...
2025-06-29 16:17:09.545 -04:00 [INF] Loaded 3 books
2025-06-29 16:17:09.545 -04:00 [INF] Application initialized successfully
2025-06-29 16:17:11.829 -04:00 [INF] OpenBook command executed
2025-06-29 16:17:35.850 -04:00 [INF] Initializing resource managers for localization
2025-06-29 16:17:36.392 -04:00 [INF] Initializing application...
2025-06-29 16:17:36.393 -04:00 [INF] Loading books collection...
2025-06-29 16:17:36.397 -04:00 [INF] Loaded 3 books
2025-06-29 16:17:36.400 -04:00 [INF] Application initialized successfully
2025-06-29 16:17:37.882 -04:00 [INF] OpenBook command executed
2025-06-29 16:18:12.295 -04:00 [INF] Initializing resource managers for localization
2025-06-29 16:18:12.439 -04:00 [INF] Initializing application...
2025-06-29 16:18:12.439 -04:00 [INF] Loading books collection...
2025-06-29 16:18:12.441 -04:00 [INF] Loaded 3 books
2025-06-29 16:18:12.441 -04:00 [INF] Application initialized successfully
2025-06-29 16:18:14.377 -04:00 [INF] OpenBook command executed
2025-06-29 16:19:45.782 -04:00 [INF] Initializing resource managers for localization
2025-06-29 16:19:45.796 -04:00 [INF] Initializing application...
2025-06-29 16:19:45.796 -04:00 [INF] Loading books collection...
2025-06-29 16:19:45.798 -04:00 [INF] Loaded 3 books
2025-06-29 16:19:45.798 -04:00 [INF] Application initialized successfully
2025-06-29 16:19:48.380 -04:00 [INF] OpenBook command executed
2025-06-29 16:19:50.310 -04:00 [INF] Find command executed
2025-06-29 16:19:51.160 -04:00 [INF] ShowSearch command executed
2025-06-29 16:20:08.659 -04:00 [INF] OpenBook command executed
2025-06-29 16:20:15.496 -04:00 [INF] ShowAbout command executed
2025-06-29 16:20:16.958 -04:00 [INF] ShowSearch command executed
2025-06-29 16:20:19.724 -04:00 [INF] ShowAbout command executed
2025-06-29 16:25:55.018 -04:00 [INF] Initializing resource managers for localization
2025-06-29 16:25:55.032 -04:00 [INF] Initializing application...
2025-06-29 16:25:55.033 -04:00 [INF] Loading books collection...
2025-06-29 16:25:55.034 -04:00 [INF] Loaded 3 books
2025-06-29 16:25:55.035 -04:00 [INF] Application initialized successfully
2025-06-29 16:25:58.409 -04:00 [INF] OpenBook command executed
2025-06-29 16:25:59.907 -04:00 [INF] Find command executed
2025-06-29 16:26:00.527 -04:00 [INF] ShowSearch command executed
2025-06-29 16:26:00.528 -04:00 [INF] Loading books collection...
2025-06-29 16:26:00.528 -04:00 [INF] Loaded 3 books
2025-06-29 16:26:32.109 -04:00 [INF] Starting search for: eka*
2025-06-29 16:26:32.129 -04:00 [INF] Searching for: eka*
2025-06-29 16:26:32.130 -04:00 [INF] Found 0 results
2025-06-29 16:38:45.669 -04:00 [INF] Initializing resource managers for localization
2025-06-29 16:38:45.683 -04:00 [INF] Initializing application...
2025-06-29 16:38:45.684 -04:00 [INF] Loading books collection...
2025-06-29 16:38:45.685 -04:00 [INF] Loaded 3 books
2025-06-29 16:38:45.686 -04:00 [INF] Application initialized successfully
2025-06-29 16:38:48.017 -04:00 [INF] OpenBook command executed
2025-06-29 16:38:49.002 -04:00 [INF] Find command executed
2025-06-29 16:38:49.653 -04:00 [INF] ShowSearch command executed
2025-06-29 16:38:49.654 -04:00 [INF] Loading books collection...
2025-06-29 16:38:49.655 -04:00 [INF] Loaded 3 books
2025-06-29 16:39:02.204 -04:00 [INF] Starting search for: viharati
2025-06-29 16:39:02.215 -04:00 [INF] Searching for: viharati
2025-06-29 16:39:02.215 -04:00 [INF] Found 0 results
2025-06-29 16:39:06.933 -04:00 [INF] ShowSearch command executed
2025-06-29 16:39:06.934 -04:00 [INF] Loading books collection...
2025-06-29 16:39:06.934 -04:00 [INF] Loaded 3 books
2025-06-29 16:39:09.352 -04:00 [INF] Find command executed
2025-06-29 16:39:12.949 -04:00 [INF] OpenBook command executed
2025-06-29 17:54:43.350 -04:00 [INF] Initializing resource managers for localization
2025-06-29 17:54:43.365 -04:00 [INF] Initializing application...
2025-06-29 17:54:43.365 -04:00 [INF] Loading books collection...
2025-06-29 17:54:43.366 -04:00 [INF] Loaded 3 books
2025-06-29 17:54:43.367 -04:00 [INF] Application initialized successfully
2025-06-29 17:54:47.430 -04:00 [INF] OpenBook command executed
2025-06-29 17:54:47.432 -04:00 [INF] Loading book: Dīgha Nikāya 1
2025-06-29 17:54:47.935 -04:00 [INF] Book loaded successfully: Dīgha Nikāya 1
2025-06-29 17:54:47.957 -04:00 [INF] Book opened in new tab: Dīgha Nikāya 1
2025-06-29 17:55:09.327 -04:00 [INF] Font size increased to: 16
2025-06-29 17:55:10.191 -04:00 [INF] Font size increased to: 18
2025-06-29 17:55:10.608 -04:00 [INF] Font size increased to: 20
2025-06-29 17:55:11.707 -04:00 [INF] Font size decreased to: 18
2025-06-29 17:55:12.026 -04:00 [INF] Font size decreased to: 16
2025-06-29 17:55:12.210 -04:00 [INF] Font size decreased to: 14
2025-06-29 17:55:15.358 -04:00 [INF] Close command executed for book: Dīgha Nikāya 1
2025-06-29 17:55:15.367 -04:00 [INF] Book tab closed: Dīgha Nikāya 1
2025-06-29 17:59:25.459 -04:00 [INF] Initializing resource managers for localization
2025-06-29 17:59:25.474 -04:00 [INF] Initializing application...
2025-06-29 17:59:25.474 -04:00 [INF] Loading books collection...
2025-06-29 17:59:25.476 -04:00 [INF] Loaded 3 books
2025-06-29 17:59:25.477 -04:00 [INF] Application initialized successfully
2025-06-29 17:59:28.926 -04:00 [INF] OpenBook command executed
2025-06-29 17:59:28.928 -04:00 [INF] Loading book: Dīgha Nikāya 1
2025-06-29 17:59:29.430 -04:00 [INF] Book loaded successfully: Dīgha Nikāya 1
2025-06-29 17:59:29.445 -04:00 [INF] Book opened in new tab: Dīgha Nikāya 1
2025-06-29 17:59:33.409 -04:00 [INF] Close command executed for book: Dīgha Nikāya 1
2025-06-29 17:59:33.420 -04:00 [INF] Book tab closed: Dīgha Nikāya 1
2025-06-29 17:59:35.042 -04:00 [INF] OpenBook command executed
2025-06-29 17:59:35.042 -04:00 [INF] Loading book: Dīgha Nikāya 1
2025-06-29 17:59:35.544 -04:00 [INF] Book loaded successfully: Dīgha Nikāya 1
2025-06-29 17:59:35.548 -04:00 [INF] Book opened in new tab: Dīgha Nikāya 1
2025-06-29 17:59:39.093 -04:00 [INF] OpenBook command executed
2025-06-29 17:59:41.272 -04:00 [INF] Find command executed
2025-06-29 17:59:42.040 -04:00 [INF] ShowSearch command executed
2025-06-29 17:59:42.041 -04:00 [INF] Loading books collection...
2025-06-29 17:59:42.042 -04:00 [INF] Loaded 3 books
2025-06-29 17:59:50.541 -04:00 [INF] Starting search for: namo
2025-06-29 17:59:50.561 -04:00 [INF] Searching for: namo
2025-06-29 17:59:50.561 -04:00 [INF] Found 0 results
2025-06-29 17:59:51.739 -04:00 [INF] Starting search for: namo
2025-06-29 17:59:51.740 -04:00 [INF] Searching for: namo
2025-06-29 17:59:51.740 -04:00 [INF] Found 0 results
2025-06-29 18:03:14.845 -04:00 [INF] Initializing resource managers for localization
2025-06-29 18:03:14.859 -04:00 [INF] Initializing application...
2025-06-29 18:03:14.859 -04:00 [INF] Loading books from CST collection...
2025-06-29 18:03:14.861 -04:00 [INF] Loaded 5 books from CST collection
2025-06-29 18:03:14.862 -04:00 [INF] Application initialized successfully
2025-06-29 18:03:20.242 -04:00 [INF] OpenBook command executed
2025-06-29 18:03:20.244 -04:00 [INF] Loading book: Dīgha Nikāya › 1. Sīlakkhandhavagga › 1. Brahmajālasuttaṃ
2025-06-29 18:03:20.747 -04:00 [INF] Book loaded successfully: Dīgha Nikāya › 1. Sīlakkhandhavagga › 1. Brahmajālasuttaṃ
2025-06-29 18:03:20.767 -04:00 [INF] Book opened in new tab: Dīgha Nikāya › 1. Sīlakkhandhavagga › 1. Brahmajālasuttaṃ
2025-06-29 18:04:52.023 -04:00 [INF] ShowSelectBook command executed
2025-06-29 18:04:52.026 -04:00 [INF] Loading books from CST collection...
2025-06-29 18:04:52.027 -04:00 [INF] Loaded 5 books from CST collection
2025-06-29 18:12:25.488 -04:00 [INF] Initializing resource managers for localization
2025-06-29 18:12:25.502 -04:00 [INF] Initializing application...
2025-06-29 18:12:25.502 -04:00 [INF] Loading books from CST collection...
2025-06-29 18:12:25.504 -04:00 [INF] Loaded 5 books from CST collection
2025-06-29 18:12:25.505 -04:00 [INF] Application initialized successfully
2025-06-29 18:12:28.399 -04:00 [INF] OpenBook command executed - showing Open Book dialog
2025-06-29 18:12:28.401 -04:00 [INF] Loading books from CST collection...
2025-06-29 18:12:28.401 -04:00 [INF] Loaded 5 books from CST collection
2025-06-29 18:12:28.491 -04:00 [INF] Open Book dialog initialized with 0 books
2025-06-29 18:12:49.312 -04:00 [INF] Opening book: Abhidhamma Piṭaka › Dhammasaṅgaṇī
2025-06-29 18:12:49.314 -04:00 [INF] Opening book from dialog: Abhidhamma Piṭaka › Dhammasaṅgaṇī
2025-06-29 18:12:49.317 -04:00 [INF] Loading book: Abhidhamma Piṭaka › Dhammasaṅgaṇī
2025-06-29 18:12:49.819 -04:00 [INF] Book loaded successfully: Abhidhamma Piṭaka › Dhammasaṅgaṇī
2025-06-29 18:12:49.844 -04:00 [INF] Book opened in new tab: Abhidhamma Piṭaka › Dhammasaṅgaṇī
2025-06-29 21:07:01.743 -04:00 [INF] Initializing resource managers for localization
2025-06-29 21:07:02.220 -04:00 [INF] Open Book dialog initialized with 0 books
2025-06-29 21:07:35.821 -04:00 [INF] Opening book: s0101m.mul.xml
2025-06-29 21:07:39.985 -04:00 [INF] Opening book: s0101m.mul.xml
2025-06-29 21:26:24.435 -04:00 [INF] Initializing resource managers for localization
2025-06-29 21:26:24.895 -04:00 [INF] Open Book dialog initialized with 0 books
2025-06-29 21:26:35.332 -04:00 [INF] Script changed from "Devanagari" to "Latin"
2025-06-29 21:26:35.334 -04:00 [INF] Script changed to "Latin", updating tree display
2025-06-29 21:26:42.599 -04:00 [INF] Script changed from "Latin" to "Khmer"
2025-06-29 21:26:42.599 -04:00 [INF] Script changed to "Khmer", updating tree display
