2025-06-30 12:37:35.345 -04:00 [INF] No state file found, using default state
2025-06-30 12:37:35.362 -04:00 [INF] Initializing resource managers for localization
2025-06-30 12:37:35.839 -04:00 [INF] Open Book dialog initialized with 0 books
2025-06-30 14:18:43.655 -04:00 [INF] No state file found, using default state
2025-06-30 14:18:43.671 -04:00 [INF] Initializing resource managers for localization
2025-06-30 14:18:43.972 -04:00 [INF] Open Book dialog initialized with 0 books
2025-06-30 15:13:48.120 -04:00 [INF] No state file found, using default state
2025-06-30 15:13:48.136 -04:00 [INF] Initializing resource managers for localization
2025-06-30 15:13:48.442 -04:00 [INF] Open Book dialog initialized with 0 books
2025-06-30 15:15:02.832 -04:00 [INF] No state file found, using default state
2025-06-30 15:15:02.848 -04:00 [INF] Initializing resource managers for localization
2025-06-30 15:15:03.137 -04:00 [INF] Open Book dialog initialized with 0 books
2025-06-30 15:15:29.132 -04:00 [INF] Opening book: s0103m.mul.xml
2025-06-30 15:15:30.640 -04:00 [INF] Opening book: s0103m.mul.xml
2025-06-30 15:22:11.958 -04:00 [INF] No state file found, using default state
2025-06-30 15:22:11.974 -04:00 [INF] Initializing resource managers for localization
2025-06-30 15:22:12.273 -04:00 [INF] Open Book dialog initialized with 0 books
2025-06-30 15:23:24.939 -04:00 [INF] No state file found, using default state
2025-06-30 15:23:24.955 -04:00 [INF] Initializing resource managers for localization
2025-06-30 15:23:25.249 -04:00 [INF] Open Book dialog initialized with 0 books
2025-06-30 15:33:49.824 -04:00 [INF] No state file found, using default state
2025-06-30 15:33:49.843 -04:00 [INF] Initializing resource managers for localization
2025-06-30 15:34:33.249 -04:00 [INF] No state file found, using default state
2025-06-30 15:34:33.266 -04:00 [INF] Initializing resource managers for localization
2025-06-30 15:34:33.558 -04:00 [INF] Open Book dialog initialized with 0 books
2025-06-30 15:37:49.345 -04:00 [INF] No state file found, using default state
2025-06-30 15:37:49.361 -04:00 [INF] Initializing resource managers for localization
2025-06-30 15:37:49.658 -04:00 [INF] Open Book dialog initialized with 0 books
2025-06-30 15:38:19.437 -04:00 [INF] Opening book: s0101m.mul.xml
2025-06-30 16:09:17.925 -04:00 [INF] No state file found, using default state
2025-06-30 16:09:17.941 -04:00 [INF] Initializing resource managers for localization
2025-06-30 16:09:18.190 -04:00 [INF] Open Book dialog initialized with 0 books
2025-06-30 16:10:39.361 -04:00 [INF] No state file found, using default state
2025-06-30 16:10:39.377 -04:00 [INF] Initializing resource managers for localization
2025-06-30 16:10:39.617 -04:00 [INF] Open Book dialog initialized with 0 books
2025-06-30 16:10:56.762 -04:00 [INF] Opening book: s0101m.mul.xml
2025-06-30 16:19:50.016 -04:00 [INF] No state file found, using default state
2025-06-30 16:19:50.034 -04:00 [INF] Initializing resource managers for localization
2025-06-30 16:19:50.282 -04:00 [INF] Open Book dialog initialized with 0 books
2025-06-30 16:19:58.732 -04:00 [INF] Opening book: s0101m.mul.xml
2025-06-30 16:24:58.368 -04:00 [INF] No state file found, using default state
2025-06-30 16:24:58.471 -04:00 [INF] Initializing resource managers for localization
2025-06-30 16:24:58.638 -04:00 [INF] Open Book dialog initialized with 0 books
2025-06-30 16:25:10.210 -04:00 [INF] Opening book: s0101m.mul.xml
2025-06-30 16:25:35.462 -04:00 [INF] Opening book: s0102m.mul.xml
2025-06-30 16:31:55.537 -04:00 [INF] No state file found, using default state
2025-06-30 16:31:55.636 -04:00 [INF] Initializing resource managers for localization
2025-06-30 16:31:55.796 -04:00 [INF] Open Book dialog initialized with 0 books
2025-06-30 16:33:49.861 -04:00 [INF] Opening book: s0101m.mul.xml
2025-06-30 16:33:52.442 -04:00 [INF] Opening book: s0102m.mul.xml
2025-06-30 16:33:54.506 -04:00 [INF] Opening book: s0103m.mul.xml
2025-06-30 16:34:32.539 -04:00 [INF] No state file found, using default state
2025-06-30 16:34:32.624 -04:00 [INF] Initializing resource managers for localization
2025-06-30 16:34:32.783 -04:00 [INF] Open Book dialog initialized with 0 books
2025-06-30 16:38:24.629 -04:00 [INF] No state file found, using default state
2025-06-30 16:38:24.730 -04:00 [INF] Initializing resource managers for localization
2025-06-30 16:38:24.873 -04:00 [INF] Open Book dialog initialized with 0 books
2025-06-30 16:40:02.576 -04:00 [INF] No state file found, using default state
2025-06-30 16:40:02.672 -04:00 [INF] Initializing resource managers for localization
2025-06-30 16:40:02.822 -04:00 [INF] Open Book dialog initialized with 0 books
2025-06-30 16:40:34.672 -04:00 [INF] Opening book: s0103m.mul.xml
2025-06-30 16:40:44.673 -04:00 [INF] Opening book: s0102m.mul.xml
2025-06-30 16:40:46.787 -04:00 [INF] Opening book: s0101m.mul.xml
2025-06-30 16:40:49.518 -04:00 [INF] Opening book: s0102m.mul.xml
2025-06-30 16:40:51.086 -04:00 [INF] Opening book: s0101m.mul.xml
2025-06-30 16:40:55.471 -04:00 [INF] Opening book: s0201m.mul.xml
2025-06-30 16:40:57.038 -04:00 [INF] Opening book: s0202m.mul.xml
2025-06-30 16:41:00.171 -04:00 [INF] Opening book: s0202m.mul.xml
2025-06-30 16:41:02.071 -04:00 [INF] Opening book: s0203m.mul.xml
2025-06-30 16:41:04.570 -04:00 [INF] Opening book: s0201m.mul.xml
2025-06-30 16:41:25.104 -04:00 [INF] Opening book: s0202m.mul.xml
2025-06-30 16:41:26.786 -04:00 [INF] Opening book: s0202m.mul.xml
2025-06-30 16:49:05.893 -04:00 [INF] No state file found, using default state
2025-06-30 16:49:05.981 -04:00 [INF] Initializing resource managers for localization
2025-06-30 16:49:06.123 -04:00 [INF] Open Book dialog initialized with 0 books
2025-06-30 16:49:12.308 -04:00 [INF] Opening book: s0101a.att.xml
2025-06-30 16:49:15.721 -04:00 [INF] Opening book: s0103a.att.xml
2025-06-30 16:49:16.654 -04:00 [INF] Opening book: s0102a.att.xml
2025-06-30 16:49:17.472 -04:00 [INF] Opening book: s0101a.att.xml
2025-06-30 16:49:19.754 -04:00 [INF] Opening book: s0201a.att.xml
2025-06-30 16:49:20.607 -04:00 [INF] Opening book: s0202a.att.xml
2025-06-30 16:49:21.786 -04:00 [INF] Opening book: s0203a.att.xml
2025-06-30 16:49:22.473 -04:00 [INF] Opening book: s0202a.att.xml
2025-06-30 16:49:23.156 -04:00 [INF] Opening book: s0201a.att.xml
2025-06-30 16:49:27.055 -04:00 [INF] Opening book: s0301a.att.xml
2025-06-30 16:49:28.052 -04:00 [INF] Opening book: s0302a.att.xml
2025-06-30 16:53:21.196 -04:00 [INF] No state file found, using default state
2025-06-30 16:53:21.311 -04:00 [INF] Initializing resource managers for localization
2025-06-30 16:53:21.470 -04:00 [INF] Open Book dialog initialized with 0 books
2025-06-30 16:53:28.589 -04:00 [INF] Opening book: s0101m.mul.xml
2025-06-30 16:53:29.934 -04:00 [INF] Opening book: s0102m.mul.xml
2025-06-30 16:53:30.854 -04:00 [INF] Opening book: s0103m.mul.xml
2025-06-30 16:53:35.850 -04:00 [INF] Opening book: s0301m.mul.xml
2025-06-30 16:53:36.819 -04:00 [INF] Opening book: s0302m.mul.xml
2025-06-30 16:53:37.604 -04:00 [INF] Opening book: s0303m.mul.xml
2025-06-30 16:53:38.503 -04:00 [INF] Opening book: s0304m.mul.xml
2025-06-30 16:53:39.483 -04:00 [INF] Opening book: s0305m.mul.xml
2025-06-30 16:53:40.984 -04:00 [INF] Opening book: s0203m.mul.xml
2025-06-30 16:56:02.177 -04:00 [INF] No state file found, using default state
2025-06-30 16:56:02.280 -04:00 [INF] Initializing resource managers for localization
2025-06-30 16:56:02.421 -04:00 [INF] Open Book dialog initialized with 0 books
2025-06-30 16:56:16.018 -04:00 [INF] Opening book: s0305m.mul.xml
2025-06-30 16:56:16.803 -04:00 [INF] Opening book: s0304m.mul.xml
2025-06-30 16:56:17.567 -04:00 [INF] Opening book: s0303m.mul.xml
2025-06-30 16:56:18.351 -04:00 [INF] Opening book: s0302m.mul.xml
2025-06-30 16:56:19.135 -04:00 [INF] Opening book: s0301m.mul.xml
2025-06-30 16:56:19.932 -04:00 [INF] Opening book: s0203m.mul.xml
2025-06-30 16:56:20.733 -04:00 [INF] Opening book: s0202m.mul.xml
2025-06-30 16:56:21.650 -04:00 [INF] Opening book: s0201m.mul.xml
2025-06-30 16:56:24.449 -04:00 [INF] Opening book: s0103m.mul.xml
2025-06-30 16:56:25.384 -04:00 [INF] Opening book: s0102m.mul.xml
2025-06-30 16:59:42.171 -04:00 [INF] No state file found, using default state
2025-06-30 16:59:42.268 -04:00 [INF] Initializing resource managers for localization
2025-06-30 16:59:42.418 -04:00 [INF] Open Book dialog initialized with 0 books
2025-06-30 17:00:14.074 -04:00 [INF] Opening book: s0305m.mul.xml
2025-06-30 17:00:14.751 -04:00 [INF] Opening book: s0304m.mul.xml
2025-06-30 17:00:15.453 -04:00 [INF] Opening book: s0303m.mul.xml
2025-06-30 17:00:16.137 -04:00 [INF] Opening book: s0303m.mul.xml
2025-06-30 17:00:16.951 -04:00 [INF] Opening book: s0302m.mul.xml
2025-06-30 17:01:01.570 -04:00 [INF] Opening book: s0203m.mul.xml
2025-06-30 17:01:02.220 -04:00 [INF] Opening book: s0202m.mul.xml
2025-06-30 17:01:02.953 -04:00 [INF] Opening book: s0201m.mul.xml
2025-06-30 17:01:04.435 -04:00 [INF] Opening book: s0103m.mul.xml
2025-06-30 17:01:05.187 -04:00 [INF] Opening book: s0102m.mul.xml
2025-06-30 17:02:46.203 -04:00 [INF] No state file found, using default state
2025-06-30 17:02:46.298 -04:00 [INF] Initializing resource managers for localization
2025-06-30 17:02:46.446 -04:00 [INF] Open Book dialog initialized with 0 books
2025-06-30 17:02:56.120 -04:00 [INF] Opening book: s0305m.mul.xml
2025-06-30 17:02:56.917 -04:00 [INF] Opening book: s0304m.mul.xml
2025-06-30 17:02:57.916 -04:00 [INF] Opening book: s0303m.mul.xml
2025-06-30 17:03:19.140 -04:00 [INF] Opening book: s0203m.mul.xml
2025-06-30 17:03:20.100 -04:00 [INF] Opening book: s0202m.mul.xml
2025-06-30 17:03:20.952 -04:00 [INF] Opening book: s0201m.mul.xml
2025-06-30 17:03:23.108 -04:00 [INF] Opening book: s0103m.mul.xml
2025-06-30 17:03:23.884 -04:00 [INF] Opening book: s0102m.mul.xml
2025-06-30 17:03:24.933 -04:00 [INF] Opening book: s0101m.mul.xml
2025-06-30 17:03:27.252 -04:00 [INF] Opening book: s0301m.mul.xml
2025-06-30 17:03:28.700 -04:00 [INF] Opening book: s0302m.mul.xml
2025-06-30 17:03:30.519 -04:00 [INF] Opening book: s0303m.mul.xml
2025-06-30 17:04:39.261 -04:00 [INF] No state file found, using default state
2025-06-30 17:04:39.367 -04:00 [INF] Initializing resource managers for localization
2025-06-30 17:04:39.513 -04:00 [INF] Open Book dialog initialized with 0 books
2025-06-30 17:05:05.468 -04:00 [INF] Opening book: s0101m.mul.xml
2025-06-30 17:05:07.885 -04:00 [INF] Opening book: s0102m.mul.xml
2025-06-30 17:05:09.034 -04:00 [INF] Opening book: s0103m.mul.xml
2025-06-30 17:05:10.482 -04:00 [INF] Opening book: s0201m.mul.xml
2025-06-30 17:05:11.251 -04:00 [INF] Opening book: s0202m.mul.xml
2025-06-30 17:05:12.015 -04:00 [INF] Opening book: s0203m.mul.xml
2025-06-30 17:05:21.535 -04:00 [INF] Opening book: s0301m.mul.xml
2025-06-30 17:05:22.949 -04:00 [INF] Opening book: s0302m.mul.xml
2025-06-30 17:05:24.815 -04:00 [INF] Opening book: s0303m.mul.xml
2025-06-30 17:05:27.450 -04:00 [INF] Opening book: s0304m.mul.xml
2025-06-30 17:05:38.551 -04:00 [INF] Opening book: s0305m.mul.xml
2025-06-30 17:07:46.558 -04:00 [INF] No state file found, using default state
2025-06-30 17:07:46.658 -04:00 [INF] Initializing resource managers for localization
2025-06-30 17:07:46.822 -04:00 [INF] Open Book dialog initialized with 0 books
2025-06-30 17:07:52.288 -04:00 [INF] Opening book: s0101m.mul.xml
2025-06-30 17:10:21.027 -04:00 [INF] No state file found, using default state
2025-06-30 17:10:21.128 -04:00 [INF] Initializing resource managers for localization
2025-06-30 17:10:21.267 -04:00 [INF] Open Book dialog initialized with 0 books
2025-06-30 17:10:26.699 -04:00 [INF] Opening book: s0101m.mul.xml
2025-06-30 17:10:53.348 -04:00 [INF] Opening book: s0102m.mul.xml
2025-06-30 17:11:31.598 -04:00 [INF] No state file found, using default state
2025-06-30 17:11:31.695 -04:00 [INF] Initializing resource managers for localization
2025-06-30 17:11:31.841 -04:00 [INF] Open Book dialog initialized with 0 books
2025-06-30 17:11:37.102 -04:00 [INF] Opening book: s0101m.mul.xml
2025-06-30 17:11:42.313 -04:00 [INF] Opening book: s0102m.mul.xml
2025-06-30 17:12:46.211 -04:00 [INF] No state file found, using default state
2025-06-30 17:12:46.297 -04:00 [INF] Initializing resource managers for localization
2025-06-30 17:12:46.436 -04:00 [INF] Open Book dialog initialized with 0 books
2025-06-30 17:13:04.232 -04:00 [INF] Opening book: s0101m.mul.xml
2025-06-30 17:13:07.230 -04:00 [INF] Opening book: s0102m.mul.xml
2025-06-30 17:13:08.530 -04:00 [INF] Opening book: s0103m.mul.xml
2025-06-30 17:13:56.611 -04:00 [INF] No state file found, using default state
2025-06-30 17:13:56.711 -04:00 [INF] Initializing resource managers for localization
2025-06-30 17:13:56.851 -04:00 [INF] Open Book dialog initialized with 0 books
2025-06-30 17:14:13.154 -04:00 [INF] Opening book: s0101m.mul.xml
2025-06-30 17:14:20.099 -04:00 [INF] Opening book: s0102m.mul.xml
2025-06-30 17:14:21.847 -04:00 [INF] Opening book: s0103m.mul.xml
2025-06-30 17:15:07.361 -04:00 [INF] No state file found, using default state
2025-06-30 17:15:07.464 -04:00 [INF] Initializing resource managers for localization
2025-06-30 17:15:07.609 -04:00 [INF] Open Book dialog initialized with 0 books
2025-06-30 17:15:12.604 -04:00 [INF] Opening book: s0101m.mul.xml
2025-06-30 17:17:07.076 -04:00 [INF] No state file found, using default state
2025-06-30 17:17:07.184 -04:00 [INF] Initializing resource managers for localization
2025-06-30 17:17:07.339 -04:00 [INF] Open Book dialog initialized with 0 books
2025-06-30 17:17:12.687 -04:00 [INF] Opening book: s0101m.mul.xml
2025-06-30 17:17:50.080 -04:00 [INF] No state file found, using default state
2025-06-30 17:17:50.187 -04:00 [INF] Initializing resource managers for localization
2025-06-30 17:17:50.344 -04:00 [INF] Open Book dialog initialized with 0 books
2025-06-30 17:17:55.722 -04:00 [INF] Opening book: s0101m.mul.xml
2025-06-30 17:19:25.571 -04:00 [INF] No state file found, using default state
2025-06-30 17:19:25.666 -04:00 [INF] Initializing resource managers for localization
2025-06-30 17:19:25.814 -04:00 [INF] Open Book dialog initialized with 0 books
2025-06-30 17:29:07.179 -04:00 [INF] No state file found, using default state
2025-06-30 17:29:07.284 -04:00 [INF] Initializing resource managers for localization
2025-06-30 17:29:07.430 -04:00 [INF] Open Book dialog initialized with 0 books
2025-06-30 17:29:12.869 -04:00 [INF] Opening book: s0101m.mul.xml
2025-06-30 17:31:38.348 -04:00 [INF] No state file found, using default state
2025-06-30 17:31:38.449 -04:00 [INF] Initializing resource managers for localization
2025-06-30 17:31:38.589 -04:00 [INF] Open Book dialog initialized with 0 books
2025-06-30 17:31:43.221 -04:00 [INF] Opening book: s0101m.mul.xml
2025-06-30 17:32:19.775 -04:00 [INF] No state file found, using default state
2025-06-30 17:32:19.873 -04:00 [INF] Initializing resource managers for localization
2025-06-30 17:32:20.034 -04:00 [INF] Open Book dialog initialized with 0 books
2025-06-30 17:32:24.324 -04:00 [INF] Opening book: s0101m.mul.xml
2025-06-30 17:33:34.402 -04:00 [INF] No state file found, using default state
2025-06-30 17:33:34.499 -04:00 [INF] Initializing resource managers for localization
2025-06-30 17:33:34.651 -04:00 [INF] Open Book dialog initialized with 0 books
2025-06-30 17:33:39.490 -04:00 [INF] Opening book: s0101m.mul.xml
2025-06-30 17:37:40.217 -04:00 [INF] No state file found, using default state
2025-06-30 17:37:40.330 -04:00 [INF] Initializing resource managers for localization
2025-06-30 17:37:40.477 -04:00 [INF] Open Book dialog initialized with 0 books
2025-06-30 17:37:45.515 -04:00 [INF] Opening book: s0101m.mul.xml
2025-06-30 17:37:51.424 -04:00 [INF] Opening book: s0102m.mul.xml
2025-06-30 19:07:42.344 -04:00 [INF] No state file found, using default state
2025-06-30 19:07:42.456 -04:00 [INF] Initializing resource managers for localization
2025-06-30 19:07:42.615 -04:00 [INF] Open Book dialog initialized with 0 books
2025-06-30 21:27:07.673 -04:00 [INF] No state file found, using default state
2025-06-30 21:27:07.778 -04:00 [INF] Initializing resource managers for localization
2025-06-30 21:27:07.937 -04:00 [INF] Open Book dialog initialized with 0 books
2025-06-30 21:27:13.134 -04:00 [INF] Opening book: s0101m.mul.xml
2025-06-30 21:28:05.170 -04:00 [INF] No state file found, using default state
2025-06-30 21:28:05.258 -04:00 [INF] Initializing resource managers for localization
2025-06-30 21:28:05.403 -04:00 [INF] Open Book dialog initialized with 0 books
2025-06-30 21:28:11.096 -04:00 [INF] Opening book: s0101m.mul.xml
2025-06-30 21:29:50.202 -04:00 [INF] No state file found, using default state
2025-06-30 21:29:50.296 -04:00 [INF] Initializing resource managers for localization
2025-06-30 21:29:50.440 -04:00 [INF] Open Book dialog initialized with 0 books
2025-06-30 21:29:55.214 -04:00 [INF] Opening book: s0101m.mul.xml
2025-06-30 21:30:29.081 -04:00 [INF] No state file found, using default state
2025-06-30 21:30:29.180 -04:00 [INF] Initializing resource managers for localization
2025-06-30 21:30:29.322 -04:00 [INF] Open Book dialog initialized with 0 books
2025-06-30 21:30:34.284 -04:00 [INF] Opening book: s0101m.mul.xml
2025-06-30 21:31:30.469 -04:00 [INF] No state file found, using default state
2025-06-30 21:31:30.560 -04:00 [INF] Initializing resource managers for localization
2025-06-30 21:31:30.701 -04:00 [INF] Open Book dialog initialized with 0 books
2025-06-30 21:31:37.379 -04:00 [INF] Opening book: s0101m.mul.xml
2025-06-30 21:33:05.577 -04:00 [INF] No state file found, using default state
2025-06-30 21:33:05.679 -04:00 [INF] Initializing resource managers for localization
2025-06-30 21:33:05.822 -04:00 [INF] Open Book dialog initialized with 0 books
2025-06-30 21:34:40.939 -04:00 [INF] No state file found, using default state
2025-06-30 21:34:41.045 -04:00 [INF] Initializing resource managers for localization
2025-06-30 21:34:41.196 -04:00 [INF] Open Book dialog initialized with 0 books
2025-06-30 21:41:47.439 -04:00 [INF] No state file found, using default state
2025-06-30 21:41:47.536 -04:00 [INF] Initializing resource managers for localization
2025-06-30 21:41:47.685 -04:00 [INF] Open Book dialog initialized with 0 books
