2025-07-02 12:20:09.293 -04:00 [INF] No state file found, using default state
2025-07-02 12:20:09.402 -04:00 [INF] Initializing resource managers for localization
2025-07-02 12:20:09.414 -04:00 [INF] Script changed from "Devanagari" to "Latin"
2025-07-02 12:20:09.414 -04:00 [INF] Script changed to "Latin", updating tree display
2025-07-02 12:20:09.552 -04:00 [INF] Open Book dialog initialized with 0 books
2025-07-02 12:20:19.916 -04:00 [INF] Opening book: s0101m.mul.xml
2025-07-02 12:21:19.982 -04:00 [INF] No state file found, using default state
2025-07-02 12:21:20.086 -04:00 [INF] Initializing resource managers for localization
2025-07-02 12:21:20.098 -04:00 [INF] Script changed from "Devanagari" to "Latin"
2025-07-02 12:21:20.098 -04:00 [INF] Script changed to "Latin", updating tree display
2025-07-02 12:21:20.225 -04:00 [INF] Open Book dialog initialized with 0 books
2025-07-02 12:21:51.536 -04:00 [INF] Opening book: s0101m.mul.xml
2025-07-02 12:22:09.263 -04:00 [INF] Opening book: s0101m.mul.xml
2025-07-02 12:22:17.228 -04:00 [INF] Script changed from "Latin" to "Devanagari"
2025-07-02 12:22:17.229 -04:00 [INF] Script changed to "Devanagari", updating tree display
2025-07-02 12:22:21.795 -04:00 [INF] Script changed from "Devanagari" to "Latin"
2025-07-02 12:22:21.795 -04:00 [INF] Script changed to "Latin", updating tree display
2025-07-02 12:22:24.845 -04:00 [INF] Script changed from "Latin" to "Devanagari"
2025-07-02 12:22:24.845 -04:00 [INF] Script changed to "Devanagari", updating tree display
2025-07-02 12:22:26.229 -04:00 [INF] Opening book: s0101m.mul.xml
2025-07-02 12:36:47.349 -04:00 [INF] No state file found, using default state
2025-07-02 12:36:47.459 -04:00 [INF] Initializing resource managers for localization
2025-07-02 12:36:47.471 -04:00 [INF] Script changed from "Devanagari" to "Latin"
2025-07-02 12:36:47.472 -04:00 [INF] Script changed to "Latin", updating tree display
2025-07-02 12:36:47.610 -04:00 [INF] Open Book dialog initialized with 0 books
2025-07-02 12:36:53.869 -04:00 [INF] Opening book: s0101m.mul.xml
2025-07-02 12:38:58.754 -04:00 [INF] No state file found, using default state
2025-07-02 12:38:58.861 -04:00 [INF] Initializing resource managers for localization
2025-07-02 12:38:58.873 -04:00 [INF] Script changed from "Devanagari" to "Latin"
2025-07-02 12:38:58.873 -04:00 [INF] Script changed to "Latin", updating tree display
2025-07-02 12:38:59.007 -04:00 [INF] Open Book dialog initialized with 0 books
2025-07-02 12:39:04.873 -04:00 [INF] Opening book: s0101m.mul.xml
2025-07-02 12:41:08.157 -04:00 [INF] No state file found, using default state
2025-07-02 12:41:08.263 -04:00 [INF] Initializing resource managers for localization
2025-07-02 12:41:08.275 -04:00 [INF] Script changed from "Devanagari" to "Latin"
2025-07-02 12:41:08.276 -04:00 [INF] Script changed to "Latin", updating tree display
2025-07-02 12:41:08.420 -04:00 [INF] Open Book dialog initialized with 0 books
2025-07-02 12:41:15.472 -04:00 [INF] Opening book: s0101m.mul.xml
2025-07-02 16:11:30.998 -04:00 [INF] No state file found, using default state
2025-07-02 16:11:31.105 -04:00 [INF] Initializing resource managers for localization
2025-07-02 16:11:31.116 -04:00 [INF] Script changed from "Devanagari" to "Latin"
2025-07-02 16:11:31.117 -04:00 [INF] Script changed to "Latin", updating tree display
2025-07-02 16:11:31.260 -04:00 [INF] Open Book dialog initialized with 0 books
2025-07-02 16:11:37.094 -04:00 [INF] Opening book: s0101m.mul.xml
2025-07-02 16:13:27.359 -04:00 [INF] No state file found, using default state
2025-07-02 16:13:27.463 -04:00 [INF] Initializing resource managers for localization
2025-07-02 16:13:27.474 -04:00 [INF] Script changed from "Devanagari" to "Latin"
2025-07-02 16:13:27.475 -04:00 [INF] Script changed to "Latin", updating tree display
2025-07-02 16:13:27.614 -04:00 [INF] Open Book dialog initialized with 0 books
2025-07-02 16:13:33.829 -04:00 [INF] Opening book: s0101m.mul.xml
2025-07-02 17:12:59.299 -04:00 [INF] No state file found, using default state
2025-07-02 17:12:59.433 -04:00 [INF] Initializing resource managers for localization
2025-07-02 17:12:59.445 -04:00 [INF] Script changed from "Devanagari" to "Latin"
2025-07-02 17:12:59.445 -04:00 [INF] Script changed to "Latin", updating tree display
2025-07-02 17:12:59.609 -04:00 [INF] Open Book dialog initialized with 0 books
2025-07-02 17:13:05.559 -04:00 [INF] Opening book: s0101m.mul.xml
2025-07-02 17:16:00.408 -04:00 [INF] No state file found, using default state
2025-07-02 17:16:00.521 -04:00 [INF] Initializing resource managers for localization
2025-07-02 17:16:00.534 -04:00 [INF] Script changed from "Devanagari" to "Latin"
2025-07-02 17:16:00.535 -04:00 [INF] Script changed to "Latin", updating tree display
2025-07-02 17:16:00.670 -04:00 [INF] Open Book dialog initialized with 0 books
2025-07-02 17:16:06.242 -04:00 [INF] Opening book: s0101m.mul.xml
2025-07-02 17:16:45.830 -04:00 [INF] No state file found, using default state
2025-07-02 17:16:45.938 -04:00 [INF] Initializing resource managers for localization
2025-07-02 17:16:45.950 -04:00 [INF] Script changed from "Devanagari" to "Latin"
2025-07-02 17:16:45.950 -04:00 [INF] Script changed to "Latin", updating tree display
2025-07-02 17:16:46.084 -04:00 [INF] Open Book dialog initialized with 0 books
2025-07-02 17:16:53.608 -04:00 [INF] Opening book: s0101m.mul.xml
2025-07-02 17:22:00.531 -04:00 [INF] Application state saved successfully to /Users/fsnow/Library/Application Support/CST.Avalonia/application-state.json
lization
2025-07-02 17:20:13.522 -04:00 [INF] Script changed from "Devanagari" to "Latin"
2025-07-02 17:20:13.523 -04:00 [INF] Script changed to "Latin", updating tree display
2025-07-02 17:20:13.660 -04:00 [INF] Open Book dialog initialized with 0 books
2025-07-02 17:21:45.287 -04:00 [INF] No state file found, using default state
2025-07-02 17:21:45.390 -04:00 [INF] Initializing resource managers for localization
2025-07-02 17:21:45.402 -04:00 [INF] Script changed from "Devanagari" to "Latin"
2025-07-02 17:21:45.403 -04:00 [INF] Script changed to "Latin", updating tree display
2025-07-02 17:21:45.528 -04:00 [INF] Open Book dialog initialized with 0 books
2025-07-02 17:21:51.960 -04:00 [INF] Opening book: s0101m.mul.xml
2025-07-02 17:26:46.977 -04:00 [INF] Initializing resource managers for localization
2025-07-02 17:26:47.001 -04:00 [INF] Script changed from "Devanagari" to "Latin"
2025-07-02 17:26:47.002 -04:00 [INF] Script changed to "Latin", updating tree display
2025-07-02 17:26:47.159 -04:00 [INF] Application state loaded successfully from /Users/fsnow/Library/Application Support/CST.Avalonia/application-state.json
2025-07-02 17:26:47.159 -04:00 [INF] Open Book dialog initialized with 0 books
2025-07-02 17:26:52.256 -04:00 [INF] Opening book: s0101m.mul.xml
2025-07-02 17:28:32.963 -04:00 [INF] Initializing resource managers for localization
2025-07-02 17:28:32.986 -04:00 [INF] Script changed from "Devanagari" to "Latin"
2025-07-02 17:28:32.987 -04:00 [INF] Script changed to "Latin", updating tree display
2025-07-02 17:28:33.140 -04:00 [INF] Application state loaded successfully from /Users/fsnow/Library/Application Support/CST.Avalonia/application-state.json
2025-07-02 17:28:33.140 -04:00 [INF] Open Book dialog initialized with 0 books
2025-07-02 17:28:39.970 -04:00 [INF] Opening book: s0101m.mul.xml
2025-07-02 17:29:41.763 -04:00 [INF] Initializing resource managers for localization
2025-07-02 17:29:41.786 -04:00 [INF] Script changed from "Devanagari" to "Latin"
2025-07-02 17:29:41.787 -04:00 [INF] Script changed to "Latin", updating tree display
2025-07-02 17:29:41.943 -04:00 [INF] Application state loaded successfully from /Users/fsnow/Library/Application Support/CST.Avalonia/application-state.json
2025-07-02 17:29:41.943 -04:00 [INF] Open Book dialog initialized with 0 books
2025-07-02 17:29:47.502 -04:00 [INF] Opening book: s0101m.mul.xml
2025-07-02 17:32:26.979 -04:00 [INF] Initializing resource managers for localization
2025-07-02 17:32:27.002 -04:00 [INF] Script changed from "Devanagari" to "Latin"
2025-07-02 17:32:27.003 -04:00 [INF] Script changed to "Latin", updating tree display
2025-07-02 17:32:27.156 -04:00 [INF] Application state loaded successfully from /Users/fsnow/Library/Application Support/CST.Avalonia/application-state.json
2025-07-02 17:32:27.156 -04:00 [INF] Open Book dialog initialized with 0 books
2025-07-02 17:32:32.768 -04:00 [INF] Opening book: s0101m.mul.xml
2025-07-02 17:33:52.124 -04:00 [INF] Initializing resource managers for localization
2025-07-02 17:33:52.148 -04:00 [INF] Script changed from "Devanagari" to "Latin"
2025-07-02 17:33:52.149 -04:00 [INF] Script changed to "Latin", updating tree display
2025-07-02 17:33:52.305 -04:00 [INF] Application state loaded successfully from /Users/fsnow/Library/Application Support/CST.Avalonia/application-state.json
2025-07-02 17:33:52.306 -04:00 [INF] Open Book dialog initialized with 0 books
2025-07-02 21:19:06.934 -04:00 [INF] Initializing resource managers for localization
2025-07-02 21:19:06.958 -04:00 [INF] Script changed from "Devanagari" to "Latin"
2025-07-02 21:19:06.958 -04:00 [INF] Script changed to "Latin", updating tree display
2025-07-02 21:19:07.126 -04:00 [INF] Application state loaded successfully from /Users/fsnow/Library/Application Support/CST.Avalonia/application-state.json
2025-07-02 21:19:07.127 -04:00 [INF] Open Book dialog initialized with 0 books
2025-07-02 21:19:18.342 -04:00 [INF] Opening book: s0101m.mul.xml
2025-07-02 21:19:24.247 -04:00 [INF] Initializing resource managers for localization
2025-07-02 21:19:24.272 -04:00 [INF] Script changed from "Devanagari" to "Latin"
2025-07-02 21:19:24.273 -04:00 [INF] Script changed to "Latin", updating tree display
2025-07-02 21:19:24.423 -04:00 [INF] Application state loaded successfully from /Users/fsnow/Library/Application Support/CST.Avalonia/application-state.json
2025-07-02 21:19:24.423 -04:00 [INF] Open Book dialog initialized with 0 books
2025-07-02 21:19:33.908 -04:00 [INF] Opening book: s0101m.mul.xml
2025-07-02 21:23:49.337 -04:00 [INF] Initializing resource managers for localization
2025-07-02 21:23:49.363 -04:00 [INF] Script changed from "Devanagari" to "Latin"
2025-07-02 21:23:49.363 -04:00 [INF] Script changed to "Latin", updating tree display
2025-07-02 21:23:49.552 -04:00 [INF] Application state loaded successfully from /Users/fsnow/Library/Application Support/CST.Avalonia/application-state.json
2025-07-02 21:23:49.552 -04:00 [INF] Open Book dialog initialized with 0 books
2025-07-02 21:23:55.698 -04:00 [INF] Opening book: s0101m.mul.xml
2025-07-02 21:25:55.324 -04:00 [INF] Initializing resource managers for localization
2025-07-02 21:25:55.350 -04:00 [INF] Script changed from "Devanagari" to "Latin"
2025-07-02 21:25:55.351 -04:00 [INF] Script changed to "Latin", updating tree display
2025-07-02 21:25:55.519 -04:00 [INF] Application state loaded successfully from /Users/fsnow/Library/Application Support/CST.Avalonia/application-state.json
2025-07-02 21:25:55.519 -04:00 [INF] Open Book dialog initialized with 0 books
2025-07-02 21:26:01.943 -04:00 [INF] Opening book: s0101m.mul.xml
2025-07-02 21:29:07.923 -04:00 [INF] Initializing resource managers for localization
2025-07-02 21:29:07.947 -04:00 [INF] Script changed from "Devanagari" to "Latin"
2025-07-02 21:29:07.948 -04:00 [INF] Script changed to "Latin", updating tree display
2025-07-02 21:29:08.117 -04:00 [INF] Application state loaded successfully from /Users/fsnow/Library/Application Support/CST.Avalonia/application-state.json
2025-07-02 21:29:08.117 -04:00 [INF] Open Book dialog initialized with 0 books
2025-07-02 21:29:23.174 -04:00 [INF] Opening book: vin02m2.mul.xml
2025-07-02 21:34:39.854 -04:00 [INF] Initializing resource managers for localization
2025-07-02 21:34:39.878 -04:00 [INF] Script changed from "Devanagari" to "Latin"
2025-07-02 21:34:39.879 -04:00 [INF] Script changed to "Latin", updating tree display
2025-07-02 21:34:40.039 -04:00 [INF] Application state loaded successfully from /Users/fsnow/Library/Application Support/CST.Avalonia/application-state.json
2025-07-02 21:34:40.039 -04:00 [INF] Open Book dialog initialized with 0 books
2025-07-02 21:34:45.795 -04:00 [INF] Opening book: s0101m.mul.xml
2025-07-02 21:35:35.838 -04:00 [INF] Initializing resource managers for localization
2025-07-02 21:35:35.862 -04:00 [INF] Script changed from "Devanagari" to "Latin"
2025-07-02 21:35:35.863 -04:00 [INF] Script changed to "Latin", updating tree display
2025-07-02 21:35:36.018 -04:00 [INF] Application state loaded successfully from /Users/fsnow/Library/Application Support/CST.Avalonia/application-state.json
2025-07-02 21:35:36.018 -04:00 [INF] Open Book dialog initialized with 0 books
2025-07-02 21:35:40.793 -04:00 [INF] Opening book: s0101m.mul.xml
2025-07-02 21:36:13.076 -04:00 [INF] Initializing resource managers for localization
2025-07-02 21:36:13.100 -04:00 [INF] Script changed from "Devanagari" to "Latin"
2025-07-02 21:36:13.101 -04:00 [INF] Script changed to "Latin", updating tree display
2025-07-02 21:36:13.265 -04:00 [INF] Application state loaded successfully from /Users/fsnow/Library/Application Support/CST.Avalonia/application-state.json
2025-07-02 21:36:13.266 -04:00 [INF] Open Book dialog initialized with 0 books
2025-07-02 21:36:17.982 -04:00 [INF] Opening book: s0101m.mul.xml
2025-07-02 21:37:23.201 -04:00 [INF] Initializing resource managers for localization
2025-07-02 21:37:23.226 -04:00 [INF] Script changed from "Devanagari" to "Latin"
2025-07-02 21:37:23.227 -04:00 [INF] Script changed to "Latin", updating tree display
2025-07-02 21:37:23.382 -04:00 [INF] Application state loaded successfully from /Users/fsnow/Library/Application Support/CST.Avalonia/application-state.json
2025-07-02 21:37:23.382 -04:00 [INF] Open Book dialog initialized with 0 books
2025-07-02 21:37:27.727 -04:00 [INF] Opening book: s0101m.mul.xml
2025-07-02 21:37:39.944 -04:00 [INF] Opening book: vin02m2.mul.xml
2025-07-02 21:38:34.078 -04:00 [INF] Initializing resource managers for localization
2025-07-02 21:38:34.103 -04:00 [INF] Script changed from "Devanagari" to "Latin"
2025-07-02 21:38:34.104 -04:00 [INF] Script changed to "Latin", updating tree display
2025-07-02 21:38:34.266 -04:00 [INF] Application state loaded successfully from /Users/fsnow/Library/Application Support/CST.Avalonia/application-state.json
2025-07-02 21:38:34.266 -04:00 [INF] Open Book dialog initialized with 0 books
2025-07-02 21:38:44.145 -04:00 [INF] Opening book: s0101m.mul.xml
2025-07-02 21:38:50.944 -04:00 [INF] Opening book: vin02m2.mul.xml
2025-07-02 21:44:22.831 -04:00 [INF] Initializing resource managers for localization
2025-07-02 21:44:22.856 -04:00 [INF] Script changed from "Devanagari" to "Latin"
2025-07-02 21:44:22.856 -04:00 [INF] Script changed to "Latin", updating tree display
2025-07-02 21:44:23.027 -04:00 [INF] Application state loaded successfully from /Users/fsnow/Library/Application Support/CST.Avalonia/application-state.json
2025-07-02 21:44:23.027 -04:00 [INF] Open Book dialog initialized with 0 books
